CRITICAL - 2024-08-27 10:17:24 --> Error: Class "App\Model\UserModel" not found
[Method: GET, Route: /]
in APPPATH\Controllers\Home.php on line 11.
 1 SYSTEMPATH\CodeIgniter.php(933): App\Controllers\Home->index()
 2 SYSTEMPATH\CodeIgniter.php(509): CodeIgniter\CodeIgniter->runController(Object(App\Controllers\Home))
 3 SYSTEMPATH\CodeIgniter.php(355): CodeIgniter\CodeIgniter->handleRequest(null, Object(Config\Cache), false)
 4 SYSTEMPATH\Boot.php(325): CodeIgniter\CodeIgniter->run()
 5 SYSTEMPATH\Boot.php(67): CodeIgniter\Boot::runCodeIgniter(Object(CodeIgniter\CodeIgniter))
 6 FCPATH\index.php(56): CodeIgniter\Boot::bootWeb(Object(Config\Paths))
CRITICAL - 2024-08-27 10:19:17 --> Error: Class "App\Model\UserModel" not found
[Method: GET, Route: /]
in APPPATH\Controllers\Home.php on line 11.
 1 SYSTEMPATH\CodeIgniter.php(933): App\Controllers\Home->index()
 2 SYSTEMPATH\CodeIgniter.php(509): CodeIgniter\CodeIgniter->runController(Object(App\Controllers\Home))
 3 SYSTEMPATH\CodeIgniter.php(355): CodeIgniter\CodeIgniter->handleRequest(null, Object(Config\Cache), false)
 4 SYSTEMPATH\Boot.php(325): CodeIgniter\CodeIgniter->run()
 5 SYSTEMPATH\Boot.php(67): CodeIgniter\Boot::runCodeIgniter(Object(CodeIgniter\CodeIgniter))
 6 FCPATH\index.php(56): CodeIgniter\Boot::bootWeb(Object(Config\Paths))
CRITICAL - 2024-08-27 10:20:09 --> Error: Class "App\Model\UserModel" not found
[Method: GET, Route: /]
in APPPATH\Controllers\Home.php on line 11.
 1 SYSTEMPATH\CodeIgniter.php(933): App\Controllers\Home->index()
 2 SYSTEMPATH\CodeIgniter.php(509): CodeIgniter\CodeIgniter->runController(Object(App\Controllers\Home))
 3 SYSTEMPATH\CodeIgniter.php(355): CodeIgniter\CodeIgniter->handleRequest(null, Object(Config\Cache), false)
 4 SYSTEMPATH\Boot.php(325): CodeIgniter\CodeIgniter->run()
 5 SYSTEMPATH\Boot.php(67): CodeIgniter\Boot::runCodeIgniter(Object(CodeIgniter\CodeIgniter))
 6 FCPATH\index.php(56): CodeIgniter\Boot::bootWeb(Object(Config\Paths))
 7 SYSTEMPATH\rewrite.php(44): require_once('C:\\laragon\\www\\codeiginter\\public\\index.php')
CRITICAL - 2024-08-27 10:27:36 --> Error: Class "App\Model\UserModel" not found
[Method: GET, Route: /]
in APPPATH\Controllers\Home.php on line 11.
 1 SYSTEMPATH\CodeIgniter.php(933): App\Controllers\Home->index()
 2 SYSTEMPATH\CodeIgniter.php(509): CodeIgniter\CodeIgniter->runController(Object(App\Controllers\Home))
 3 SYSTEMPATH\CodeIgniter.php(355): CodeIgniter\CodeIgniter->handleRequest(null, Object(Config\Cache), false)
 4 SYSTEMPATH\Boot.php(325): CodeIgniter\CodeIgniter->run()
 5 SYSTEMPATH\Boot.php(67): CodeIgniter\Boot::runCodeIgniter(Object(CodeIgniter\CodeIgniter))
 6 FCPATH\index.php(56): CodeIgniter\Boot::bootWeb(Object(Config\Paths))
 7 SYSTEMPATH\rewrite.php(44): require_once('C:\\laragon\\www\\codeiginter\\public\\index.php')
CRITICAL - 2024-08-27 10:27:37 --> Error: Class "App\Model\UserModel" not found
[Method: GET, Route: /]
in APPPATH\Controllers\Home.php on line 11.
 1 SYSTEMPATH\CodeIgniter.php(933): App\Controllers\Home->index()
 2 SYSTEMPATH\CodeIgniter.php(509): CodeIgniter\CodeIgniter->runController(Object(App\Controllers\Home))
 3 SYSTEMPATH\CodeIgniter.php(355): CodeIgniter\CodeIgniter->handleRequest(null, Object(Config\Cache), false)
 4 SYSTEMPATH\Boot.php(325): CodeIgniter\CodeIgniter->run()
 5 SYSTEMPATH\Boot.php(67): CodeIgniter\Boot::runCodeIgniter(Object(CodeIgniter\CodeIgniter))
 6 FCPATH\index.php(56): CodeIgniter\Boot::bootWeb(Object(Config\Paths))
 7 SYSTEMPATH\rewrite.php(44): require_once('C:\\laragon\\www\\codeiginter\\public\\index.php')
CRITICAL - 2024-08-27 10:27:38 --> Error: Class "App\Model\UserModel" not found
[Method: GET, Route: /]
in APPPATH\Controllers\Home.php on line 11.
 1 SYSTEMPATH\CodeIgniter.php(933): App\Controllers\Home->index()
 2 SYSTEMPATH\CodeIgniter.php(509): CodeIgniter\CodeIgniter->runController(Object(App\Controllers\Home))
 3 SYSTEMPATH\CodeIgniter.php(355): CodeIgniter\CodeIgniter->handleRequest(null, Object(Config\Cache), false)
 4 SYSTEMPATH\Boot.php(325): CodeIgniter\CodeIgniter->run()
 5 SYSTEMPATH\Boot.php(67): CodeIgniter\Boot::runCodeIgniter(Object(CodeIgniter\CodeIgniter))
 6 FCPATH\index.php(56): CodeIgniter\Boot::bootWeb(Object(Config\Paths))
 7 SYSTEMPATH\rewrite.php(44): require_once('C:\\laragon\\www\\codeiginter\\public\\index.php')
CRITICAL - 2024-08-27 10:27:38 --> Error: Class "App\Model\UserModel" not found
[Method: GET, Route: /]
in APPPATH\Controllers\Home.php on line 11.
 1 SYSTEMPATH\CodeIgniter.php(933): App\Controllers\Home->index()
 2 SYSTEMPATH\CodeIgniter.php(509): CodeIgniter\CodeIgniter->runController(Object(App\Controllers\Home))
 3 SYSTEMPATH\CodeIgniter.php(355): CodeIgniter\CodeIgniter->handleRequest(null, Object(Config\Cache), false)
 4 SYSTEMPATH\Boot.php(325): CodeIgniter\CodeIgniter->run()
 5 SYSTEMPATH\Boot.php(67): CodeIgniter\Boot::runCodeIgniter(Object(CodeIgniter\CodeIgniter))
 6 FCPATH\index.php(56): CodeIgniter\Boot::bootWeb(Object(Config\Paths))
 7 SYSTEMPATH\rewrite.php(44): require_once('C:\\laragon\\www\\codeiginter\\public\\index.php')
CRITICAL - 2024-08-27 10:35:04 --> Error: Class "App\Model\UserModel" not found
[Method: GET, Route: /]
in APPPATH\Controllers\Home.php on line 11.
 1 SYSTEMPATH\CodeIgniter.php(933): App\Controllers\Home->index()
 2 SYSTEMPATH\CodeIgniter.php(509): CodeIgniter\CodeIgniter->runController(Object(App\Controllers\Home))
 3 SYSTEMPATH\CodeIgniter.php(355): CodeIgniter\CodeIgniter->handleRequest(null, Object(Config\Cache), false)
 4 SYSTEMPATH\Boot.php(325): CodeIgniter\CodeIgniter->run()
 5 SYSTEMPATH\Boot.php(67): CodeIgniter\Boot::runCodeIgniter(Object(CodeIgniter\CodeIgniter))
 6 FCPATH\index.php(56): CodeIgniter\Boot::bootWeb(Object(Config\Paths))
 7 SYSTEMPATH\rewrite.php(44): require_once('C:\\laragon\\www\\codeiginter\\public\\index.php')
CRITICAL - 2024-08-27 10:35:50 --> Error: Class "App\Model\UserModel" not found
[Method: GET, Route: /]
in APPPATH\Controllers\Home.php on line 11.
 1 SYSTEMPATH\CodeIgniter.php(933): App\Controllers\Home->index()
 2 SYSTEMPATH\CodeIgniter.php(509): CodeIgniter\CodeIgniter->runController(Object(App\Controllers\Home))
 3 SYSTEMPATH\CodeIgniter.php(355): CodeIgniter\CodeIgniter->handleRequest(null, Object(Config\Cache), false)
 4 SYSTEMPATH\Boot.php(325): CodeIgniter\CodeIgniter->run()
 5 SYSTEMPATH\Boot.php(67): CodeIgniter\Boot::runCodeIgniter(Object(CodeIgniter\CodeIgniter))
 6 FCPATH\index.php(56): CodeIgniter\Boot::bootWeb(Object(Config\Paths))
 7 SYSTEMPATH\rewrite.php(44): require_once('C:\\laragon\\www\\codeiginter\\public\\index.php')
CRITICAL - 2024-08-27 10:35:51 --> Error: Class "App\Model\UserModel" not found
[Method: GET, Route: /]
in APPPATH\Controllers\Home.php on line 11.
 1 SYSTEMPATH\CodeIgniter.php(933): App\Controllers\Home->index()
 2 SYSTEMPATH\CodeIgniter.php(509): CodeIgniter\CodeIgniter->runController(Object(App\Controllers\Home))
 3 SYSTEMPATH\CodeIgniter.php(355): CodeIgniter\CodeIgniter->handleRequest(null, Object(Config\Cache), false)
 4 SYSTEMPATH\Boot.php(325): CodeIgniter\CodeIgniter->run()
 5 SYSTEMPATH\Boot.php(67): CodeIgniter\Boot::runCodeIgniter(Object(CodeIgniter\CodeIgniter))
 6 FCPATH\index.php(56): CodeIgniter\Boot::bootWeb(Object(Config\Paths))
 7 SYSTEMPATH\rewrite.php(44): require_once('C:\\laragon\\www\\codeiginter\\public\\index.php')
CRITICAL - 2024-08-27 10:35:52 --> Error: Class "App\Model\UserModel" not found
[Method: GET, Route: /]
in APPPATH\Controllers\Home.php on line 11.
 1 SYSTEMPATH\CodeIgniter.php(933): App\Controllers\Home->index()
 2 SYSTEMPATH\CodeIgniter.php(509): CodeIgniter\CodeIgniter->runController(Object(App\Controllers\Home))
 3 SYSTEMPATH\CodeIgniter.php(355): CodeIgniter\CodeIgniter->handleRequest(null, Object(Config\Cache), false)
 4 SYSTEMPATH\Boot.php(325): CodeIgniter\CodeIgniter->run()
 5 SYSTEMPATH\Boot.php(67): CodeIgniter\Boot::runCodeIgniter(Object(CodeIgniter\CodeIgniter))
 6 FCPATH\index.php(56): CodeIgniter\Boot::bootWeb(Object(Config\Paths))
 7 SYSTEMPATH\rewrite.php(44): require_once('C:\\laragon\\www\\codeiginter\\public\\index.php')
CRITICAL - 2024-08-27 10:35:52 --> Error: Class "App\Model\UserModel" not found
[Method: GET, Route: /]
in APPPATH\Controllers\Home.php on line 11.
 1 SYSTEMPATH\CodeIgniter.php(933): App\Controllers\Home->index()
 2 SYSTEMPATH\CodeIgniter.php(509): CodeIgniter\CodeIgniter->runController(Object(App\Controllers\Home))
 3 SYSTEMPATH\CodeIgniter.php(355): CodeIgniter\CodeIgniter->handleRequest(null, Object(Config\Cache), false)
 4 SYSTEMPATH\Boot.php(325): CodeIgniter\CodeIgniter->run()
 5 SYSTEMPATH\Boot.php(67): CodeIgniter\Boot::runCodeIgniter(Object(CodeIgniter\CodeIgniter))
 6 FCPATH\index.php(56): CodeIgniter\Boot::bootWeb(Object(Config\Paths))
 7 SYSTEMPATH\rewrite.php(44): require_once('C:\\laragon\\www\\codeiginter\\public\\index.php')
CRITICAL - 2024-08-27 10:36:09 --> Error: Class "App\Model\UserModel" not found
[Method: GET, Route: /]
in APPPATH\Controllers\Home.php on line 11.
 1 SYSTEMPATH\CodeIgniter.php(933): App\Controllers\Home->index()
 2 SYSTEMPATH\CodeIgniter.php(509): CodeIgniter\CodeIgniter->runController(Object(App\Controllers\Home))
 3 SYSTEMPATH\CodeIgniter.php(355): CodeIgniter\CodeIgniter->handleRequest(null, Object(Config\Cache), false)
 4 SYSTEMPATH\Boot.php(325): CodeIgniter\CodeIgniter->run()
 5 SYSTEMPATH\Boot.php(67): CodeIgniter\Boot::runCodeIgniter(Object(CodeIgniter\CodeIgniter))
 6 FCPATH\index.php(56): CodeIgniter\Boot::bootWeb(Object(Config\Paths))
 7 SYSTEMPATH\rewrite.php(44): require_once('C:\\laragon\\www\\codeiginter\\public\\index.php')
CRITICAL - 2024-08-27 10:39:02 --> Error: Class "App\Model\UserModel" not found
[Method: GET, Route: /]
in APPPATH\Controllers\Home.php on line 11.
 1 SYSTEMPATH\CodeIgniter.php(933): App\Controllers\Home->index()
 2 SYSTEMPATH\CodeIgniter.php(509): CodeIgniter\CodeIgniter->runController(Object(App\Controllers\Home))
 3 SYSTEMPATH\CodeIgniter.php(355): CodeIgniter\CodeIgniter->handleRequest(null, Object(Config\Cache), false)
 4 SYSTEMPATH\Boot.php(325): CodeIgniter\CodeIgniter->run()
 5 SYSTEMPATH\Boot.php(67): CodeIgniter\Boot::runCodeIgniter(Object(CodeIgniter\CodeIgniter))
 6 FCPATH\index.php(56): CodeIgniter\Boot::bootWeb(Object(Config\Paths))
 7 SYSTEMPATH\rewrite.php(44): require_once('C:\\laragon\\www\\codeiginter\\public\\index.php')
CRITICAL - 2024-08-27 10:39:03 --> Error: Class "App\Model\UserModel" not found
[Method: GET, Route: /]
in APPPATH\Controllers\Home.php on line 11.
 1 SYSTEMPATH\CodeIgniter.php(933): App\Controllers\Home->index()
 2 SYSTEMPATH\CodeIgniter.php(509): CodeIgniter\CodeIgniter->runController(Object(App\Controllers\Home))
 3 SYSTEMPATH\CodeIgniter.php(355): CodeIgniter\CodeIgniter->handleRequest(null, Object(Config\Cache), false)
 4 SYSTEMPATH\Boot.php(325): CodeIgniter\CodeIgniter->run()
 5 SYSTEMPATH\Boot.php(67): CodeIgniter\Boot::runCodeIgniter(Object(CodeIgniter\CodeIgniter))
 6 FCPATH\index.php(56): CodeIgniter\Boot::bootWeb(Object(Config\Paths))
 7 SYSTEMPATH\rewrite.php(44): require_once('C:\\laragon\\www\\codeiginter\\public\\index.php')
CRITICAL - 2024-08-27 10:54:24 --> Error: Class "App\Model\UserModel" not found
[Method: GET, Route: /]
in APPPATH\Controllers\Home.php on line 11.
 1 SYSTEMPATH\CodeIgniter.php(933): App\Controllers\Home->index()
 2 SYSTEMPATH\CodeIgniter.php(509): CodeIgniter\CodeIgniter->runController(Object(App\Controllers\Home))
 3 SYSTEMPATH\CodeIgniter.php(355): CodeIgniter\CodeIgniter->handleRequest(null, Object(Config\Cache), false)
 4 SYSTEMPATH\Boot.php(325): CodeIgniter\CodeIgniter->run()
 5 SYSTEMPATH\Boot.php(67): CodeIgniter\Boot::runCodeIgniter(Object(CodeIgniter\CodeIgniter))
 6 FCPATH\index.php(56): CodeIgniter\Boot::bootWeb(Object(Config\Paths))
 7 SYSTEMPATH\rewrite.php(44): require_once('C:\\laragon\\www\\codeiginter\\public\\index.php')
CRITICAL - 2024-08-27 10:55:30 --> Error: Class "App\Model\UserModel" not found
[Method: GET, Route: /]
in APPPATH\Controllers\Home.php on line 11.
 1 SYSTEMPATH\CodeIgniter.php(933): App\Controllers\Home->index()
 2 SYSTEMPATH\CodeIgniter.php(509): CodeIgniter\CodeIgniter->runController(Object(App\Controllers\Home))
 3 SYSTEMPATH\CodeIgniter.php(355): CodeIgniter\CodeIgniter->handleRequest(null, Object(Config\Cache), false)
 4 SYSTEMPATH\Boot.php(325): CodeIgniter\CodeIgniter->run()
 5 SYSTEMPATH\Boot.php(67): CodeIgniter\Boot::runCodeIgniter(Object(CodeIgniter\CodeIgniter))
 6 FCPATH\index.php(56): CodeIgniter\Boot::bootWeb(Object(Config\Paths))
 7 SYSTEMPATH\rewrite.php(44): require_once('C:\\laragon\\www\\codeiginter\\public\\index.php')
CRITICAL - 2024-08-27 10:55:44 --> Error: Class "App\Model\UserModel" not found
[Method: GET, Route: /]
in APPPATH\Controllers\Home.php on line 11.
 1 SYSTEMPATH\CodeIgniter.php(933): App\Controllers\Home->index()
 2 SYSTEMPATH\CodeIgniter.php(509): CodeIgniter\CodeIgniter->runController(Object(App\Controllers\Home))
 3 SYSTEMPATH\CodeIgniter.php(355): CodeIgniter\CodeIgniter->handleRequest(null, Object(Config\Cache), false)
 4 SYSTEMPATH\Boot.php(325): CodeIgniter\CodeIgniter->run()
 5 SYSTEMPATH\Boot.php(67): CodeIgniter\Boot::runCodeIgniter(Object(CodeIgniter\CodeIgniter))
 6 FCPATH\index.php(56): CodeIgniter\Boot::bootWeb(Object(Config\Paths))
 7 SYSTEMPATH\rewrite.php(44): require_once('C:\\laragon\\www\\codeiginter\\public\\index.php')
CRITICAL - 2024-08-27 10:58:25 --> TypeError: CodeIgniter\Database\BaseResult::getResult(): Argument #1 ($type) must be of type string, null given, called in C:\laragon\www\codeiginter\system\Model.php on line 287
[Method: GET, Route: /]
in SYSTEMPATH\Database\BaseResult.php on line 106.
 1 SYSTEMPATH\Model.php(287): CodeIgniter\Database\BaseResult->getResult(null)
 2 SYSTEMPATH\BaseModel.php(676): CodeIgniter\Model->doFindAll(0, 0)
 3 APPPATH\Controllers\Home.php(12): CodeIgniter\BaseModel->findAll()
 4 SYSTEMPATH\CodeIgniter.php(933): App\Controllers\Home->index()
 5 SYSTEMPATH\CodeIgniter.php(509): CodeIgniter\CodeIgniter->runController(Object(App\Controllers\Home))
 6 SYSTEMPATH\CodeIgniter.php(355): CodeIgniter\CodeIgniter->handleRequest(null, Object(Config\Cache), false)
 7 SYSTEMPATH\Boot.php(325): CodeIgniter\CodeIgniter->run()
 8 SYSTEMPATH\Boot.php(67): CodeIgniter\Boot::runCodeIgniter(Object(CodeIgniter\CodeIgniter))
 9 FCPATH\index.php(56): CodeIgniter\Boot::bootWeb(Object(Config\Paths))
10 SYSTEMPATH\rewrite.php(44): require_once('C:\\laragon\\www\\codeiginter\\public\\index.php')
CRITICAL - 2024-08-27 11:00:20 --> TypeError: CodeIgniter\Database\BaseResult::getResult(): Argument #1 ($type) must be of type string, null given, called in C:\laragon\www\codeiginter\system\Model.php on line 287
[Method: GET, Route: /]
in SYSTEMPATH\Database\BaseResult.php on line 106.
 1 SYSTEMPATH\Model.php(287): CodeIgniter\Database\BaseResult->getResult(null)
 2 SYSTEMPATH\BaseModel.php(676): CodeIgniter\Model->doFindAll(0, 0)
 3 APPPATH\Controllers\Home.php(12): CodeIgniter\BaseModel->findAll()
 4 SYSTEMPATH\CodeIgniter.php(933): App\Controllers\Home->index()
 5 SYSTEMPATH\CodeIgniter.php(509): CodeIgniter\CodeIgniter->runController(Object(App\Controllers\Home))
 6 SYSTEMPATH\CodeIgniter.php(355): CodeIgniter\CodeIgniter->handleRequest(null, Object(Config\Cache), false)
 7 SYSTEMPATH\Boot.php(325): CodeIgniter\CodeIgniter->run()
 8 SYSTEMPATH\Boot.php(67): CodeIgniter\Boot::runCodeIgniter(Object(CodeIgniter\CodeIgniter))
 9 FCPATH\index.php(56): CodeIgniter\Boot::bootWeb(Object(Config\Paths))
10 SYSTEMPATH\rewrite.php(44): require_once('C:\\laragon\\www\\codeiginter\\public\\index.php')
CRITICAL - 2024-08-27 11:01:02 --> TypeError: CodeIgniter\Database\BaseResult::getResult(): Argument #1 ($type) must be of type string, null given, called in C:\laragon\www\codeiginter\system\Model.php on line 287
[Method: GET, Route: accueil]
in SYSTEMPATH\Database\BaseResult.php on line 106.
 1 SYSTEMPATH\Model.php(287): CodeIgniter\Database\BaseResult->getResult(null)
 2 SYSTEMPATH\BaseModel.php(676): CodeIgniter\Model->doFindAll(0, 0)
 3 APPPATH\Controllers\Home.php(12): CodeIgniter\BaseModel->findAll()
 4 SYSTEMPATH\CodeIgniter.php(933): App\Controllers\Home->index()
 5 SYSTEMPATH\CodeIgniter.php(509): CodeIgniter\CodeIgniter->runController(Object(App\Controllers\Home))
 6 SYSTEMPATH\CodeIgniter.php(355): CodeIgniter\CodeIgniter->handleRequest(null, Object(Config\Cache), false)
 7 SYSTEMPATH\Boot.php(325): CodeIgniter\CodeIgniter->run()
 8 SYSTEMPATH\Boot.php(67): CodeIgniter\Boot::runCodeIgniter(Object(CodeIgniter\CodeIgniter))
 9 FCPATH\index.php(56): CodeIgniter\Boot::bootWeb(Object(Config\Paths))
10 SYSTEMPATH\rewrite.php(44): require_once('C:\\laragon\\www\\codeiginter\\public\\index.php')
CRITICAL - 2024-08-27 11:01:39 --> ArgumentCountError: Too few arguments to function CodeIgniter\BaseModel::findColumn(), 0 passed in C:\laragon\www\codeiginter\app\Controllers\Home.php on line 12 and exactly 1 expected
[Method: GET, Route: accueil]
in SYSTEMPATH\BaseModel.php on line 635.
 1 APPPATH\Controllers\Home.php(12): CodeIgniter\BaseModel->findColumn()
 2 SYSTEMPATH\CodeIgniter.php(933): App\Controllers\Home->index()
 3 SYSTEMPATH\CodeIgniter.php(509): CodeIgniter\CodeIgniter->runController(Object(App\Controllers\Home))
 4 SYSTEMPATH\CodeIgniter.php(355): CodeIgniter\CodeIgniter->handleRequest(null, Object(Config\Cache), false)
 5 SYSTEMPATH\Boot.php(325): CodeIgniter\CodeIgniter->run()
 6 SYSTEMPATH\Boot.php(67): CodeIgniter\Boot::runCodeIgniter(Object(CodeIgniter\CodeIgniter))
 7 FCPATH\index.php(56): CodeIgniter\Boot::bootWeb(Object(Config\Paths))
 8 SYSTEMPATH\rewrite.php(44): require_once('C:\\laragon\\www\\codeiginter\\public\\index.php')
CRITICAL - 2024-08-27 11:01:45 --> TypeError: CodeIgniter\Database\BaseResult::getResult(): Argument #1 ($type) must be of type string, null given, called in C:\laragon\www\codeiginter\system\Model.php on line 213
[Method: GET, Route: accueil]
in SYSTEMPATH\Database\BaseResult.php on line 106.
 1 SYSTEMPATH\Model.php(213): CodeIgniter\Database\BaseResult->getResult(null)
 2 SYSTEMPATH\BaseModel.php(610): CodeIgniter\Model->doFind(false, null)
 3 APPPATH\Controllers\Home.php(12): CodeIgniter\BaseModel->find()
 4 SYSTEMPATH\CodeIgniter.php(933): App\Controllers\Home->index()
 5 SYSTEMPATH\CodeIgniter.php(509): CodeIgniter\CodeIgniter->runController(Object(App\Controllers\Home))
 6 SYSTEMPATH\CodeIgniter.php(355): CodeIgniter\CodeIgniter->handleRequest(null, Object(Config\Cache), false)
 7 SYSTEMPATH\Boot.php(325): CodeIgniter\CodeIgniter->run()
 8 SYSTEMPATH\Boot.php(67): CodeIgniter\Boot::runCodeIgniter(Object(CodeIgniter\CodeIgniter))
 9 FCPATH\index.php(56): CodeIgniter\Boot::bootWeb(Object(Config\Paths))
10 SYSTEMPATH\rewrite.php(44): require_once('C:\\laragon\\www\\codeiginter\\public\\index.php')
CRITICAL - 2024-08-27 11:02:28 --> TypeError: CodeIgniter\Database\BaseResult::getResult(): Argument #1 ($type) must be of type string, null given, called in C:\laragon\www\codeiginter\system\Model.php on line 287
[Method: GET, Route: accueil]
in SYSTEMPATH\Database\BaseResult.php on line 106.
 1 SYSTEMPATH\Model.php(287): CodeIgniter\Database\BaseResult->getResult(null)
 2 SYSTEMPATH\BaseModel.php(676): CodeIgniter\Model->doFindAll(0, 0)
 3 APPPATH\Controllers\Home.php(12): CodeIgniter\BaseModel->findAll()
 4 SYSTEMPATH\CodeIgniter.php(933): App\Controllers\Home->index()
 5 SYSTEMPATH\CodeIgniter.php(509): CodeIgniter\CodeIgniter->runController(Object(App\Controllers\Home))
 6 SYSTEMPATH\CodeIgniter.php(355): CodeIgniter\CodeIgniter->handleRequest(null, Object(Config\Cache), false)
 7 SYSTEMPATH\Boot.php(325): CodeIgniter\CodeIgniter->run()
 8 SYSTEMPATH\Boot.php(67): CodeIgniter\Boot::runCodeIgniter(Object(CodeIgniter\CodeIgniter))
 9 FCPATH\index.php(56): CodeIgniter\Boot::bootWeb(Object(Config\Paths))
10 SYSTEMPATH\rewrite.php(44): require_once('C:\\laragon\\www\\codeiginter\\public\\index.php')
CRITICAL - 2024-08-27 13:32:24 --> TypeError: CodeIgniter\Database\BaseResult::getResult(): Argument #1 ($type) must be of type string, null given, called in C:\laragon\www\codeigniter\system\Model.php on line 287
[Method: GET, Route: /]
in SYSTEMPATH\Database\BaseResult.php on line 106.
 1 SYSTEMPATH\Model.php(287): CodeIgniter\Database\BaseResult->getResult(null)
 2 SYSTEMPATH\BaseModel.php(676): CodeIgniter\Model->doFindAll(0, 0)
 3 APPPATH\Controllers\Home.php(12): CodeIgniter\BaseModel->findAll()
 4 SYSTEMPATH\CodeIgniter.php(933): App\Controllers\Home->index()
 5 SYSTEMPATH\CodeIgniter.php(509): CodeIgniter\CodeIgniter->runController(Object(App\Controllers\Home))
 6 SYSTEMPATH\CodeIgniter.php(355): CodeIgniter\CodeIgniter->handleRequest(null, Object(Config\Cache), false)
 7 SYSTEMPATH\Boot.php(325): CodeIgniter\CodeIgniter->run()
 8 SYSTEMPATH\Boot.php(67): CodeIgniter\Boot::runCodeIgniter(Object(CodeIgniter\CodeIgniter))
 9 FCPATH\index.php(56): CodeIgniter\Boot::bootWeb(Object(Config\Paths))
10 SYSTEMPATH\rewrite.php(44): require_once('C:\\laragon\\www\\codeigniter\\public\\index.php')
CRITICAL - 2024-08-27 13:33:04 --> ErrorException: Undefined array key "username"
[Method: GET, Route: /]
in APPPATH\Views\list.php on line 24.
 1 APPPATH\Views\list.php(24): CodeIgniter\Debug\Exceptions->errorHandler(2, 'Undefined array key "username"', 'C:\\laragon\\www\\codeigniter\\app\\Views\\list.php', 24)
 2 SYSTEMPATH\View\View.php(234): include('C:\\laragon\\www\\codeigniter\\app\\Views\\list.php')
 3 SYSTEMPATH\View\View.php(237): CodeIgniter\View\View->CodeIgniter\View\{closure}()
 4 SYSTEMPATH\Common.php(1171): CodeIgniter\View\View->render('list', [], true)
 5 APPPATH\Controllers\Home.php(13): view('list', [...])
 6 SYSTEMPATH\CodeIgniter.php(933): App\Controllers\Home->index()
 7 SYSTEMPATH\CodeIgniter.php(509): CodeIgniter\CodeIgniter->runController(Object(App\Controllers\Home))
 8 SYSTEMPATH\CodeIgniter.php(355): CodeIgniter\CodeIgniter->handleRequest(null, Object(Config\Cache), false)
 9 SYSTEMPATH\Boot.php(325): CodeIgniter\CodeIgniter->run()
10 SYSTEMPATH\Boot.php(67): CodeIgniter\Boot::runCodeIgniter(Object(CodeIgniter\CodeIgniter))
11 FCPATH\index.php(56): CodeIgniter\Boot::bootWeb(Object(Config\Paths))
12 SYSTEMPATH\rewrite.php(44): require_once('C:\\laragon\\www\\codeigniter\\public\\index.php')
CRITICAL - 2024-08-27 13:33:37 --> ErrorException: Undefined array key "username"
[Method: GET, Route: /]
in APPPATH\Views\list.php on line 24.
 1 APPPATH\Views\list.php(24): CodeIgniter\Debug\Exceptions->errorHandler(2, 'Undefined array key "username"', 'C:\\laragon\\www\\codeigniter\\app\\Views\\list.php', 24)
 2 SYSTEMPATH\View\View.php(234): include('C:\\laragon\\www\\codeigniter\\app\\Views\\list.php')
 3 SYSTEMPATH\View\View.php(237): CodeIgniter\View\View->CodeIgniter\View\{closure}()
 4 SYSTEMPATH\Common.php(1171): CodeIgniter\View\View->render('list', [], true)
 5 APPPATH\Controllers\Home.php(13): view('list', [...])
 6 SYSTEMPATH\CodeIgniter.php(933): App\Controllers\Home->index()
 7 SYSTEMPATH\CodeIgniter.php(509): CodeIgniter\CodeIgniter->runController(Object(App\Controllers\Home))
 8 SYSTEMPATH\CodeIgniter.php(355): CodeIgniter\CodeIgniter->handleRequest(null, Object(Config\Cache), false)
 9 SYSTEMPATH\Boot.php(325): CodeIgniter\CodeIgniter->run()
10 SYSTEMPATH\Boot.php(67): CodeIgniter\Boot::runCodeIgniter(Object(CodeIgniter\CodeIgniter))
11 FCPATH\index.php(56): CodeIgniter\Boot::bootWeb(Object(Config\Paths))
12 SYSTEMPATH\rewrite.php(44): require_once('C:\\laragon\\www\\codeigniter\\public\\index.php')
CRITICAL - 2024-08-27 13:33:38 --> ErrorException: Undefined array key "username"
[Method: GET, Route: /]
in APPPATH\Views\list.php on line 24.
 1 APPPATH\Views\list.php(24): CodeIgniter\Debug\Exceptions->errorHandler(2, 'Undefined array key "username"', 'C:\\laragon\\www\\codeigniter\\app\\Views\\list.php', 24)
 2 SYSTEMPATH\View\View.php(234): include('C:\\laragon\\www\\codeigniter\\app\\Views\\list.php')
 3 SYSTEMPATH\View\View.php(237): CodeIgniter\View\View->CodeIgniter\View\{closure}()
 4 SYSTEMPATH\Common.php(1171): CodeIgniter\View\View->render('list', [], true)
 5 APPPATH\Controllers\Home.php(13): view('list', [...])
 6 SYSTEMPATH\CodeIgniter.php(933): App\Controllers\Home->index()
 7 SYSTEMPATH\CodeIgniter.php(509): CodeIgniter\CodeIgniter->runController(Object(App\Controllers\Home))
 8 SYSTEMPATH\CodeIgniter.php(355): CodeIgniter\CodeIgniter->handleRequest(null, Object(Config\Cache), false)
 9 SYSTEMPATH\Boot.php(325): CodeIgniter\CodeIgniter->run()
10 SYSTEMPATH\Boot.php(67): CodeIgniter\Boot::runCodeIgniter(Object(CodeIgniter\CodeIgniter))
11 FCPATH\index.php(56): CodeIgniter\Boot::bootWeb(Object(Config\Paths))
12 SYSTEMPATH\rewrite.php(44): require_once('C:\\laragon\\www\\codeigniter\\public\\index.php')
